----------------------------------------------------------------
Thu Jul 27 13:35:58 CEST 2023:
Booting Derby version The Apache Software Foundation - Apache Derby - 10.15.1.3 - (1853019): instance a816c00e-0189-9722-598b-000002193548 
on database directory D:\DevDigital\RESSOURCES\a-faire-plan-ultralearning\00 ULTRALEARNING-PARCOURS\SQL-RESSOURCES\jsqlquiz-temp\DerbyTempDB1 with class loader jdk.internal.loader.ClassLoaders$AppClassLoader@70dea4e 
Loaded from file:/D:/DevDigital/RESSOURCES/a-faire-plan-ultralearning/00%20ULTRALEARNING-PARCOURS/SQL-RESSOURCES/JSQlQUIZ_Pieris_5_0_Windows.jar
java.vendor=Oracle Corporation
java.runtime.version=20.0.2+9-78
user.dir=D:\DevDigital\RESSOURCES\a-faire-plan-ultralearning\00 ULTRALEARNING-PARCOURS\SQL-RESSOURCES
os.name=Windows 10
os.arch=amd64
os.version=10.0
derby.system.home=null
Database Class Loader started - derby.database.classpath=''
----------------------------------------------------------------
Thu Jul 27 13:39:07 CEST 2023:
Booting Derby version The Apache Software Foundation - Apache Derby - 10.15.1.3 - (1853019): instance 1ec14167-0189-9722-598b-000002193548 
on database directory D:\DevDigital\RESSOURCES\a-faire-plan-ultralearning\00 ULTRALEARNING-PARCOURS\SQL-RESSOURCES\jsqlquiz-temp\DerbyTempDB2 with class loader jdk.internal.loader.ClassLoaders$AppClassLoader@70dea4e 
Loaded from file:/D:/DevDigital/RESSOURCES/a-faire-plan-ultralearning/00%20ULTRALEARNING-PARCOURS/SQL-RESSOURCES/JSQlQUIZ_Pieris_5_0_Windows.jar
java.vendor=Oracle Corporation
java.runtime.version=20.0.2+9-78
user.dir=D:\DevDigital\RESSOURCES\a-faire-plan-ultralearning\00 ULTRALEARNING-PARCOURS\SQL-RESSOURCES
os.name=Windows 10
os.arch=amd64
os.version=10.0
derby.system.home=null
Database Class Loader started - derby.database.classpath=''
